[debug] [2022-08-13T13:22:13.695Z] ----------------------------------------------------------------------
[debug] [2022-08-13T13:22:13.697Z] Command:       C:\Program Files\nodejs\node.exe C:\Users\ayuhi\AppData\Roaming\npm\node_modules\firebase-tools\lib\bin\firebase.js serve
[debug] [2022-08-13T13:22:13.698Z] CLI Version:   11.6.0
[debug] [2022-08-13T13:22:13.698Z] Platform:      win32
[debug] [2022-08-13T13:22:13.698Z] Node Version:  v16.16.0
[debug] [2022-08-13T13:22:13.699Z] Time:          Sat Aug 13 2022 22:22:13 GMT+0900 (日本標準時)
[debug] [2022-08-13T13:22:13.700Z] ----------------------------------------------------------------------
[debug] 
[debug] [2022-08-13T13:22:13.832Z] > command requires scopes: ["email","openid","https://www.googleapis.com/auth/cloudplatformprojects.readonly","https://www.googleapis.com/auth/firebase","https://www.googleapis.com/auth/cloud-platform"]
[debug] [2022-08-13T13:22:13.832Z] > authorizing via signed-in user (a.yuhi1164@gmail.com)
[debug] [2022-08-13T13:22:13.832Z] [iam] checking project linemobileorder for permissions ["firebase.projects.get"]
[debug] [2022-08-13T13:22:13.835Z] >>> [apiv2][query] POST https://cloudresourcemanager.googleapis.com/v1/projects/linemobileorder:testIamPermissions [none]
[debug] [2022-08-13T13:22:13.835Z] >>> [apiv2][(partial)header] POST https://cloudresourcemanager.googleapis.com/v1/projects/linemobileorder:testIamPermissions x-goog-quota-user=projects/linemobileorder
[debug] [2022-08-13T13:22:13.835Z] >>> [apiv2][body] POST https://cloudresourcemanager.googleapis.com/v1/projects/linemobileorder:testIamPermissions {"permissions":["firebase.projects.get"]}
[debug] [2022-08-13T13:22:14.510Z] <<< [apiv2][status] POST https://cloudresourcemanager.googleapis.com/v1/projects/linemobileorder:testIamPermissions 200
[debug] [2022-08-13T13:22:14.510Z] <<< [apiv2][body] POST https://cloudresourcemanager.googleapis.com/v1/projects/linemobileorder:testIamPermissions {"permissions":["firebase.projects.get"]}
[debug] [2022-08-13T13:22:14.511Z] >>> [apiv2][query] GET https://firebase.googleapis.com/v1beta1/projects/linemobileorder [none]
[debug] [2022-08-13T13:22:14.846Z] <<< [apiv2][status] GET https://firebase.googleapis.com/v1beta1/projects/linemobileorder 200
[debug] [2022-08-13T13:22:14.846Z] <<< [apiv2][body] GET https://firebase.googleapis.com/v1beta1/projects/linemobileorder {"projectId":"linemobileorder","projectNumber":"323634114531","displayName":"LineMobileOrder","name":"projects/linemobileorder","resources":{"hostingSite":"linemobileorder","storageBucket":"linemobileorder.appspot.com","locationId":"asia-northeast1"},"state":"ACTIVE","etag":"1_597ff540-490d-4a83-becf-3b6541498980"}
[info] 
[info] === Serving from 'C:\Users\ayuhi\line-moblie-order-app'...
[info] 
[info] +  functions: Using node@16 from host. {"metadata":{"emulator":{"name":"functions"},"message":"Using node@16 from host."}}
[debug] [2022-08-13T13:22:14.880Z] defaultcredentials: writing to file C:\Users\ayuhi\AppData\Roaming\firebase\a_yuhi1164_gmail.com_application_default_credentials.json
[debug] [2022-08-13T13:22:14.882Z] Setting GAC to C:\Users\ayuhi\AppData\Roaming\firebase\a_yuhi1164_gmail.com_application_default_credentials.json {"metadata":{"emulator":{"name":"functions"},"message":"Setting GAC to C:\\Users\\ayuhi\\AppData\\Roaming\\firebase\\a_yuhi1164_gmail.com_application_default_credentials.json"}}
[debug] [2022-08-13T13:22:14.883Z] >>> [apiv2][query] GET https://firebase.googleapis.com/v1beta1/projects/linemobileorder/adminSdkConfig [none]
[debug] [2022-08-13T13:22:15.182Z] <<< [apiv2][status] GET https://firebase.googleapis.com/v1beta1/projects/linemobileorder/adminSdkConfig 200
[debug] [2022-08-13T13:22:15.182Z] <<< [apiv2][body] GET https://firebase.googleapis.com/v1beta1/projects/linemobileorder/adminSdkConfig {"projectId":"linemobileorder","storageBucket":"linemobileorder.appspot.com","locationId":"asia-northeast1"}
[info] i  functions: Watching "C:\Users\ayuhi\line-moblie-order-app\functions" for Cloud Functions... {"metadata":{"emulator":{"name":"functions"},"message":"Watching \"C:\\Users\\ayuhi\\line-moblie-order-app\\functions\" for Cloud Functions..."}}
[debug] [2022-08-13T13:22:15.200Z] Validating nodejs source
[debug] [2022-08-13T13:22:18.603Z] > [functions] package.json contents: {
  "name": "functions",
  "scripts": {
    "lint": "eslint --ext .js,.ts .",
    "build": "tsc",
    "build:watch": "tsc --watch",
    "serve": "npm run build && firebase emulators:start --only functions",
    "shell": "npm run build && firebase functions:shell",
    "start": "npm run shell",
    "deploy": "firebase deploy --only functions",
    "logs": "firebase functions:log"
  },
  "engines": {
    "node": "16"
  },
  "main": "lib/index.js",
  "dependencies": {
    "@line/bot-sdk": "^7.5.0",
    "axios": "^0.27.2",
    "date-fns": "^2.29.1",
    "firebase-admin": "^10.0.2",
    "firebase-functions": "^3.18.0",
    "line-pay-sdk": "^1.0.3",
    "uuid": "^8.3.2",
    "uuidv4": "^6.2.13"
  },
  "devDependencies": {
    "@typescript-eslint/eslint-plugin": "^5.12.0",
    "@typescript-eslint/parser": "^5.12.0",
    "eslint": "^8.9.0",
    "eslint-config-google": "^0.14.0",
    "eslint-plugin-import": "^2.25.4",
    "firebase-functions-test": "^0.2.0",
    "typescript": "^4.5.4"
  },
  "private": true
}
[error] !!  functions: Failed to load function definition from source: FirebaseError: There was an error reading functions\package.json:

 functions\lib\index.js does not exist, can't deploy Cloud Functions {"metadata":{"emulator":{"name":"functions"},"message":"Failed to load function definition from source: FirebaseError: There was an error reading functions\\package.json:\n\n functions\\lib\\index.js does not exist, can't deploy Cloud Functions"}}
